<?xml version="1.0" encoding="UTF-8"?>
<!-- Generated by org.testng.reporters.JUnitXMLReporter -->
<testsuite hostname="DESKTOP-BAMD39I" name="Default test" tests="5" failures="0" timestamp="4 Jan 2021 05:48:22 GMT" time="36.78" errors="0">
  <testcase name="tc_001_Login_Functionality" time="0.204" classname="testcases.TC_001_ValidateLoginFunctionality"/>
  <testcase name="tc_001_Login_Functionality" time="0.2" classname="testcases.TC_001_ValidateLoginFunctionality"/>
  <testcase name="tc_001_Login_Functionality" time="0.216" classname="testcases.TC_001_ValidateLoginFunctionality"/>
  <testcase name="tc_001_Login_Functionality" time="0.193" classname="testcases.TC_001_ValidateLoginFunctionality"/>
  <testcase name="tc_001_Login_Functionality" time="0.207" classname="testcases.TC_001_ValidateLoginFunctionality"/>
</testsuite> <!-- Default test -->
