<?xml version="1.0" encoding="UTF-8"?>
<testng-results skipped="0" failed="0" total="5" passed="5">
  <reporter-output>
  </reporter-output>
  <suite name="Default suite" duration-ms="36780" started-at="2021-01-04T05:47:45Z" finished-at="2021-01-04T05:48:22Z">
    <groups>
    </groups>
    <test name="Default test" duration-ms="36780" started-at="2021-01-04T05:47:45Z" finished-at="2021-01-04T05:48:22Z">
      <class name="testcases.TC_001_ValidateLoginFunctionality">
        <test-method status="PASS" signature="initiateDriverInstance()[pri:0, instance:testcases.TC_001_ValidateLoginFunctionality@4b168fa9]" name="initiateDriverInstance" is-config="true" duration-ms="6985" started-at="2021-01-04T12:47:46Z" finished-at="2021-01-04T12:47:53Z">
          <reporter-output>
          </reporter-output>
        </test-method> <!-- initiateDriverInstance -->
        <test-method status="PASS" signature="tc_001_Login_Functionality(java.lang.String, java.lang.String)[pri:0, instance:testcases.TC_001_ValidateLoginFunctionality@4b168fa9]" name="tc_001_Login_Functionality" duration-ms="204" started-at="2021-01-04T12:47:53Z" data-provider="Excel" finished-at="2021-01-04T12:47:53Z">
          <params>
            <param index="0">
              <value>
                <![CDATA[LANHDAOBO]]>
              </value>
            </param>
            <param index="1">
              <value>
                <![CDATA[abc]]>
              </value>
            </param>
          </params>
          <reporter-output>
          </reporter-output>
        </test-method> <!-- tc_001_Login_Functionality -->
        <test-method status="PASS" signature="closeDriverInstance()[pri:0, instance:testcases.TC_001_ValidateLoginFunctionality@4b168fa9]" name="closeDriverInstance" is-config="true" duration-ms="740" started-at="2021-01-04T12:47:53Z" finished-at="2021-01-04T12:47:54Z">
          <reporter-output>
          </reporter-output>
        </test-method> <!-- closeDriverInstance -->
        <test-method status="PASS" signature="initiateDriverInstance()[pri:0, instance:testcases.TC_001_ValidateLoginFunctionality@4b168fa9]" name="initiateDriverInstance" is-config="true" duration-ms="6534" started-at="2021-01-04T12:47:54Z" finished-at="2021-01-04T12:48:00Z">
          <reporter-output>
          </reporter-output>
        </test-method> <!-- initiateDriverInstance -->
        <test-method status="PASS" signature="tc_001_Login_Functionality(java.lang.String, java.lang.String)[pri:0, instance:testcases.TC_001_ValidateLoginFunctionality@4b168fa9]" name="tc_001_Login_Functionality" duration-ms="200" started-at="2021-01-04T12:48:00Z" data-provider="Excel" finished-at="2021-01-04T12:48:00Z">
          <params>
            <param index="0">
              <value>
                <![CDATA[LANHDAODONVI1]]>
              </value>
            </param>
            <param index="1">
              <value>
                <![CDATA[abc]]>
              </value>
            </param>
          </params>
          <reporter-output>
          </reporter-output>
        </test-method> <!-- tc_001_Login_Functionality -->
        <test-method status="PASS" signature="closeDriverInstance()[pri:0, instance:testcases.TC_001_ValidateLoginFunctionality@4b168fa9]" name="closeDriverInstance" is-config="true" duration-ms="696" started-at="2021-01-04T12:48:00Z" finished-at="2021-01-04T12:48:01Z">
          <reporter-output>
          </reporter-output>
        </test-method> <!-- closeDriverInstance -->
        <test-method status="PASS" signature="initiateDriverInstance()[pri:0, instance:testcases.TC_001_ValidateLoginFunctionality@4b168fa9]" name="initiateDriverInstance" is-config="true" duration-ms="5775" started-at="2021-01-04T12:48:01Z" finished-at="2021-01-04T12:48:07Z">
          <reporter-output>
          </reporter-output>
        </test-method> <!-- initiateDriverInstance -->
        <test-method status="PASS" signature="tc_001_Login_Functionality(java.lang.String, java.lang.String)[pri:0, instance:testcases.TC_001_ValidateLoginFunctionality@4b168fa9]" name="tc_001_Login_Functionality" duration-ms="216" started-at="2021-01-04T12:48:07Z" data-provider="Excel" finished-at="2021-01-04T12:48:07Z">
          <params>
            <param index="0">
              <value>
                <![CDATA[CHUYENVIEN1]]>
              </value>
            </param>
            <param index="1">
              <value>
                <![CDATA[abc]]>
              </value>
            </param>
          </params>
          <reporter-output>
          </reporter-output>
        </test-method> <!-- tc_001_Login_Functionality -->
        <test-method status="PASS" signature="closeDriverInstance()[pri:0, instance:testcases.TC_001_ValidateLoginFunctionality@4b168fa9]" name="closeDriverInstance" is-config="true" duration-ms="699" started-at="2021-01-04T12:48:07Z" finished-at="2021-01-04T12:48:08Z">
          <reporter-output>
          </reporter-output>
        </test-method> <!-- closeDriverInstance -->
        <test-method status="PASS" signature="initiateDriverInstance()[pri:0, instance:testcases.TC_001_ValidateLoginFunctionality@4b168fa9]" name="initiateDriverInstance" is-config="true" duration-ms="5789" started-at="2021-01-04T12:48:08Z" finished-at="2021-01-04T12:48:14Z">
          <reporter-output>
          </reporter-output>
        </test-method> <!-- initiateDriverInstance -->
        <test-method status="PASS" signature="tc_001_Login_Functionality(java.lang.String, java.lang.String)[pri:0, instance:testcases.TC_001_ValidateLoginFunctionality@4b168fa9]" name="tc_001_Login_Functionality" duration-ms="193" started-at="2021-01-04T12:48:14Z" data-provider="Excel" finished-at="2021-01-04T12:48:14Z">
          <params>
            <param index="0">
              <value>
                <![CDATA[LANHDAODONVI2]]>
              </value>
            </param>
            <param index="1">
              <value>
                <![CDATA[abc]]>
              </value>
            </param>
          </params>
          <reporter-output>
          </reporter-output>
        </test-method> <!-- tc_001_Login_Functionality -->
        <test-method status="PASS" signature="closeDriverInstance()[pri:0, instance:testcases.TC_001_ValidateLoginFunctionality@4b168fa9]" name="closeDriverInstance" is-config="true" duration-ms="680" started-at="2021-01-04T12:48:14Z" finished-at="2021-01-04T12:48:14Z">
          <reporter-output>
          </reporter-output>
        </test-method> <!-- closeDriverInstance -->
        <test-method status="PASS" signature="initiateDriverInstance()[pri:0, instance:testcases.TC_001_ValidateLoginFunctionality@4b168fa9]" name="initiateDriverInstance" is-config="true" duration-ms="6090" started-at="2021-01-04T12:48:14Z" finished-at="2021-01-04T12:48:20Z">
          <reporter-output>
          </reporter-output>
        </test-method> <!-- initiateDriverInstance -->
        <test-method status="PASS" signature="tc_001_Login_Functionality(java.lang.String, java.lang.String)[pri:0, instance:testcases.TC_001_ValidateLoginFunctionality@4b168fa9]" name="tc_001_Login_Functionality" duration-ms="207" started-at="2021-01-04T12:48:20Z" data-provider="Excel" finished-at="2021-01-04T12:48:21Z">
          <params>
            <param index="0">
              <value>
                <![CDATA[CHUYENVIEN2]]>
              </value>
            </param>
            <param index="1">
              <value>
                <![CDATA[abc]]>
              </value>
            </param>
          </params>
          <reporter-output>
          </reporter-output>
        </test-method> <!-- tc_001_Login_Functionality -->
        <test-method status="PASS" signature="closeDriverInstance()[pri:0, instance:testcases.TC_001_ValidateLoginFunctionality@4b168fa9]" name="closeDriverInstance" is-config="true" duration-ms="1406" started-at="2021-01-04T12:48:21Z" finished-at="2021-01-04T12:48:22Z">
          <reporter-output>
          </reporter-output>
        </test-method> <!-- closeDriverInstance -->
      </class> <!-- testcases.TC_001_ValidateLoginFunctionality -->
    </test> <!-- Default test -->
  </suite> <!-- Default suite -->
</testng-results>
